2024/03/19 23:14:58 main.go:15: test
2024/03/20 16:53:01 main.go:20: test
2024/03/23 17:41:00 users.go:58: near "where": syntax error
2024/03/30 10:42:52 server.go:3413: http: panic serving 127.0.0.1:54920: open app/views/templates/tops.html: no such file or directory
goroutine 36 [running]:
net/http.(*conn).serve.func1()
	/opt/homebrew/Cellar/go/1.22.1/libexec/src/net/http/server.go:1898 +0xb0
panic({0x1006eca40?, 0x140002004e0?})
	/opt/homebrew/Cellar/go/1.22.1/libexec/src/runtime/panic.go:770 +0x124
html/template.Must(...)
	/opt/homebrew/Cellar/go/1.22.1/libexec/src/html/template/template.go:368
todo_app/app/controllers.generateHTML({0x1007408c8, 0x1400021a000}, {0x1006bf760, 0x10073c5d8}, {0x1400015da98?, 0x1002976c0?, 0x14000158200?})
	/Users/hibiki/go/src/todo_app/app/controllers/server.go:15 +0x218
todo_app/app/controllers.top({0x1007408c8?, 0x1400021a000?}, 0x1400015db18?)
	/Users/hibiki/go/src/todo_app/app/controllers/route_main.go:8 +0x70
net/http.HandlerFunc.ServeHTTP(0x1009af4f0?, {0x1007408c8?, 0x1400021a000?}, 0x10043d6b8?)
	/opt/homebrew/Cellar/go/1.22.1/libexec/src/net/http/server.go:2166 +0x38
net/http.(*ServeMux).ServeHTTP(0x0?, {0x1007408c8, 0x1400021a000}, 0x14000000120)
	/opt/homebrew/Cellar/go/1.22.1/libexec/src/net/http/server.go:2683 +0x1a4
net/http.serverHandler.ServeHTTP({0x14000200030?}, {0x1007408c8?, 0x1400021a000?}, 0x6?)
	/opt/homebrew/Cellar/go/1.22.1/libexec/src/net/http/server.go:3137 +0xbc
net/http.(*conn).serve(0x1400018a090, {0x100740f08, 0x1400011b5c0})
	/opt/homebrew/Cellar/go/1.22.1/libexec/src/net/http/server.go:2039 +0x508
created by net/http.(*Server).Serve in goroutine 1
	/opt/homebrew/Cellar/go/1.22.1/libexec/src/net/http/server.go:3285 +0x3f0
2024/03/30 10:42:52 server.go:3413: http: panic serving 127.0.0.1:54921: open app/views/templates/tops.html: no such file or directory
goroutine 37 [running]:
net/http.(*conn).serve.func1()
	/opt/homebrew/Cellar/go/1.22.1/libexec/src/net/http/server.go:1898 +0xb0
panic({0x1006eca40?, 0x14000200960?})
	/opt/homebrew/Cellar/go/1.22.1/libexec/src/runtime/panic.go:770 +0x124
html/template.Must(...)
	/opt/homebrew/Cellar/go/1.22.1/libexec/src/html/template/template.go:368
todo_app/app/controllers.generateHTML({0x1007408c8, 0x1400021a1c0}, {0x1006bf760, 0x10073c5d8}, {0x14000060a98?, 0x1002976c0?, 0x14000158280?})
	/Users/hibiki/go/src/todo_app/app/controllers/server.go:15 +0x218
todo_app/app/controllers.top({0x1007408c8?, 0x1400021a1c0?}, 0x14000060b18?)
	/Users/hibiki/go/src/todo_app/app/controllers/route_main.go:8 +0x70
net/http.HandlerFunc.ServeHTTP(0x1009af4f0?, {0x1007408c8?, 0x1400021a1c0?}, 0x10043d6b8?)
	/opt/homebrew/Cellar/go/1.22.1/libexec/src/net/http/server.go:2166 +0x38
net/http.(*ServeMux).ServeHTTP(0x0?, {0x1007408c8, 0x1400021a1c0}, 0x1400014c900)
	/opt/homebrew/Cellar/go/1.22.1/libexec/src/net/http/server.go:2683 +0x1a4
net/http.serverHandler.ServeHTTP({0x1400011b710?}, {0x1007408c8?, 0x1400021a1c0?}, 0x6?)
	/opt/homebrew/Cellar/go/1.22.1/libexec/src/net/http/server.go:3137 +0xbc
net/http.(*conn).serve(0x1400018a120, {0x100740f08, 0x1400011b5c0})
	/opt/homebrew/Cellar/go/1.22.1/libexec/src/net/http/server.go:2039 +0x508
created by net/http.(*Server).Serve in goroutine 1
	/opt/homebrew/Cellar/go/1.22.1/libexec/src/net/http/server.go:3285 +0x3f0
2024/03/30 10:42:52 server.go:3413: http: panic serving 127.0.0.1:54922: open app/views/templates/tops.html: no such file or directory
goroutine 4 [running]:
net/http.(*conn).serve.func1()
	/opt/homebrew/Cellar/go/1.22.1/libexec/src/net/http/server.go:1898 +0xb0
panic({0x1006eca40?, 0x14000200ed0?})
	/opt/homebrew/Cellar/go/1.22.1/libexec/src/runtime/panic.go:770 +0x124
html/template.Must(...)
	/opt/homebrew/Cellar/go/1.22.1/libexec/src/html/template/template.go:368
todo_app/app/controllers.generateHTML({0x1007408c8, 0x1400021a380}, {0x1006bf760, 0x10073c5d8}, {0x14000060a98?, 0x1002976c0?, 0x1400023a200?})
	/Users/hibiki/go/src/todo_app/app/controllers/server.go:15 +0x218
todo_app/app/controllers.top({0x1007408c8?, 0x1400021a380?}, 0x14000060b18?)
	/Users/hibiki/go/src/todo_app/app/controllers/route_main.go:8 +0x70
net/http.HandlerFunc.ServeHTTP(0x1009af4f0?, {0x1007408c8?, 0x1400021a380?}, 0x10043d6b8?)
	/opt/homebrew/Cellar/go/1.22.1/libexec/src/net/http/server.go:2166 +0x38
net/http.(*ServeMux).ServeHTTP(0x0?, {0x1007408c8, 0x1400021a380}, 0x14000000b40)
	/opt/homebrew/Cellar/go/1.22.1/libexec/src/net/http/server.go:2683 +0x1a4
net/http.serverHandler.ServeHTTP({0x14000200a80?}, {0x1007408c8?, 0x1400021a380?}, 0x6?)
	/opt/homebrew/Cellar/go/1.22.1/libexec/src/net/http/server.go:3137 +0xbc
net/http.(*conn).serve(0x1400020a240, {0x100740f08, 0x1400011b5c0})
	/opt/homebrew/Cellar/go/1.22.1/libexec/src/net/http/server.go:2039 +0x508
created by net/http.(*Server).Serve in goroutine 1
	/opt/homebrew/Cellar/go/1.22.1/libexec/src/net/http/server.go:3285 +0x3f0
2024/03/30 10:42:53 server.go:3413: http: panic serving 127.0.0.1:54927: open app/views/templates/tops.html: no such file or directory
goroutine 6 [running]:
net/http.(*conn).serve.func1()
	/opt/homebrew/Cellar/go/1.22.1/libexec/src/net/http/server.go:1898 +0xb0
panic({0x1006eca40?, 0x140000a6480?})
	/opt/homebrew/Cellar/go/1.22.1/libexec/src/runtime/panic.go:770 +0x124
html/template.Must(...)
	/opt/homebrew/Cellar/go/1.22.1/libexec/src/html/template/template.go:368
todo_app/app/controllers.generateHTML({0x1007408c8, 0x140000be000}, {0x1006bf760, 0x10073c5d8}, {0x140000a0a98?, 0x1002976c0?, 0x1400023a280?})
	/Users/hibiki/go/src/todo_app/app/controllers/server.go:15 +0x218
todo_app/app/controllers.top({0x1007408c8?, 0x140000be000?}, 0x140000a0b18?)
	/Users/hibiki/go/src/todo_app/app/controllers/route_main.go:8 +0x70
net/http.HandlerFunc.ServeHTTP(0x1009af4f0?, {0x1007408c8?, 0x140000be000?}, 0x10043d6b8?)
	/opt/homebrew/Cellar/go/1.22.1/libexec/src/net/http/server.go:2166 +0x38
net/http.(*ServeMux).ServeHTTP(0x0?, {0x1007408c8, 0x140000be000}, 0x140000aa000)
	/opt/homebrew/Cellar/go/1.22.1/libexec/src/net/http/server.go:2683 +0x1a4
net/http.serverHandler.ServeHTTP({0x140000a6030?}, {0x1007408c8?, 0x140000be000?}, 0x6?)
	/opt/homebrew/Cellar/go/1.22.1/libexec/src/net/http/server.go:3137 +0xbc
net/http.(*conn).serve(0x1400020a3f0, {0x100740f08, 0x1400011b5c0})
	/opt/homebrew/Cellar/go/1.22.1/libexec/src/net/http/server.go:2039 +0x508
created by net/http.(*Server).Serve in goroutine 1
	/opt/homebrew/Cellar/go/1.22.1/libexec/src/net/http/server.go:3285 +0x3f0
2024/03/30 10:42:53 server.go:3413: http: panic serving 127.0.0.1:54928: open app/views/templates/tops.html: no such file or directory
goroutine 7 [running]:
net/http.(*conn).serve.func1()
	/opt/homebrew/Cellar/go/1.22.1/libexec/src/net/http/server.go:1898 +0xb0
panic({0x1006eca40?, 0x1400011bb90?})
	/opt/homebrew/Cellar/go/1.22.1/libexec/src/runtime/panic.go:770 +0x124
html/template.Must(...)
	/opt/homebrew/Cellar/go/1.22.1/libexec/src/html/template/template.go:368
todo_app/app/controllers.generateHTML({0x1007408c8, 0x140001b0000}, {0x1006bf760, 0x10073c5d8}, {0x14000060a98?, 0x1002976c0?, 0x1400023a300?})
	/Users/hibiki/go/src/todo_app/app/controllers/server.go:15 +0x218
todo_app/app/controllers.top({0x1007408c8?, 0x140001b0000?}, 0x14000060b18?)
	/Users/hibiki/go/src/todo_app/app/controllers/route_main.go:8 +0x70
net/http.HandlerFunc.ServeHTTP(0x1009af4f0?, {0x1007408c8?, 0x140001b0000?}, 0x10043d6b8?)
	/opt/homebrew/Cellar/go/1.22.1/libexec/src/net/http/server.go:2166 +0x38
net/http.(*ServeMux).ServeHTTP(0x0?, {0x1007408c8, 0x140001b0000}, 0x14000000ea0)
	/opt/homebrew/Cellar/go/1.22.1/libexec/src/net/http/server.go:2683 +0x1a4
net/http.serverHandler.ServeHTTP({0x14000200ff0?}, {0x1007408c8?, 0x140001b0000?}, 0x6?)
	/opt/homebrew/Cellar/go/1.22.1/libexec/src/net/http/server.go:3137 +0xbc
net/http.(*conn).serve(0x1400020a480, {0x100740f08, 0x1400011b5c0})
	/opt/homebrew/Cellar/go/1.22.1/libexec/src/net/http/server.go:2039 +0x508
created by net/http.(*Server).Serve in goroutine 1
	/opt/homebrew/Cellar/go/1.22.1/libexec/src/net/http/server.go:3285 +0x3f0
2024/03/30 10:42:53 server.go:3413: http: panic serving 127.0.0.1:54929: open app/views/templates/tops.html: no such file or directory
goroutine 39 [running]:
net/http.(*conn).serve.func1()
	/opt/homebrew/Cellar/go/1.22.1/libexec/src/net/http/server.go:1898 +0xb0
panic({0x1006eca40?, 0x140001cc120?})
	/opt/homebrew/Cellar/go/1.22.1/libexec/src/runtime/panic.go:770 +0x124
html/template.Must(...)
	/opt/homebrew/Cellar/go/1.22.1/libexec/src/html/template/template.go:368
todo_app/app/controllers.generateHTML({0x1007408c8, 0x140001b01c0}, {0x1006bf760, 0x10073c5d8}, {0x14000060a98?, 0x1002976c0?, 0x14000158380?})
	/Users/hibiki/go/src/todo_app/app/controllers/server.go:15 +0x218
todo_app/app/controllers.top({0x1007408c8?, 0x140001b01c0?}, 0x14000060b18?)
	/Users/hibiki/go/src/todo_app/app/controllers/route_main.go:8 +0x70
net/http.HandlerFunc.ServeHTTP(0x1009af4f0?, {0x1007408c8?, 0x140001b01c0?}, 0x10043d6b8?)
	/opt/homebrew/Cellar/go/1.22.1/libexec/src/net/http/server.go:2166 +0x38
net/http.(*ServeMux).ServeHTTP(0x0?, {0x1007408c8, 0x140001b01c0}, 0x1400014cc60)
	/opt/homebrew/Cellar/go/1.22.1/libexec/src/net/http/server.go:2683 +0x1a4
net/http.serverHandler.ServeHTTP({0x1400011bc50?}, {0x1007408c8?, 0x140001b01c0?}, 0x6?)
	/opt/homebrew/Cellar/go/1.22.1/libexec/src/net/http/server.go:3137 +0xbc
net/http.(*conn).serve(0x1400018a2d0, {0x100740f08, 0x1400011b5c0})
	/opt/homebrew/Cellar/go/1.22.1/libexec/src/net/http/server.go:2039 +0x508
created by net/http.(*Server).Serve in goroutine 1
	/opt/homebrew/Cellar/go/1.22.1/libexec/src/net/http/server.go:3285 +0x3f0
2024/03/30 10:42:58 server.go:3413: http: panic serving 127.0.0.1:54964: open app/views/templates/tops.html: no such file or directory
goroutine 41 [running]:
net/http.(*conn).serve.func1()
	/opt/homebrew/Cellar/go/1.22.1/libexec/src/net/http/server.go:1898 +0xb0
panic({0x1006eca40?, 0x14000201440?})
	/opt/homebrew/Cellar/go/1.22.1/libexec/src/runtime/panic.go:770 +0x124
html/template.Must(...)
	/opt/homebrew/Cellar/go/1.22.1/libexec/src/html/template/template.go:368
todo_app/app/controllers.generateHTML({0x1007408c8, 0x1400021a540}, {0x1006bf760, 0x10073c5d8}, {0x140000a0a98?, 0x1002976c0?, 0x14000158400?})
	/Users/hibiki/go/src/todo_app/app/controllers/server.go:15 +0x218
todo_app/app/controllers.top({0x1007408c8?, 0x1400021a540?}, 0x140000a0b18?)
	/Users/hibiki/go/src/todo_app/app/controllers/route_main.go:8 +0x70
net/http.HandlerFunc.ServeHTTP(0x1009af4f0?, {0x1007408c8?, 0x1400021a540?}, 0x10043d6b8?)
	/opt/homebrew/Cellar/go/1.22.1/libexec/src/net/http/server.go:2166 +0x38
net/http.(*ServeMux).ServeHTTP(0x0?, {0x1007408c8, 0x1400021a540}, 0x140000aa360)
	/opt/homebrew/Cellar/go/1.22.1/libexec/src/net/http/server.go:2683 +0x1a4
net/http.serverHandler.ServeHTTP({0x140000a64e0?}, {0x1007408c8?, 0x1400021a540?}, 0x6?)
	/opt/homebrew/Cellar/go/1.22.1/libexec/src/net/http/server.go:3137 +0xbc
net/http.(*conn).serve(0x1400018a480, {0x100740f08, 0x1400011b5c0})
	/opt/homebrew/Cellar/go/1.22.1/libexec/src/net/http/server.go:2039 +0x508
created by net/http.(*Server).Serve in goroutine 1
	/opt/homebrew/Cellar/go/1.22.1/libexec/src/net/http/server.go:3285 +0x3f0
2024/04/01 23:36:36 route_main.go:25: sql: no rows in result set
2024/04/01 23:36:36 route_main.go:25: sql: no rows in result set
2024/04/02 22:55:03 route_main.go:25: sql: no rows in result set
2024/04/02 22:55:04 route_main.go:25: sql: no rows in result set
2024/04/02 22:55:06 route_main.go:25: sql: no rows in result set
2024/04/02 23:07:13 route_main.go:53: sql: no rows in result set
2024/04/02 23:07:13 route_main.go:25: sql: no rows in result set
2024/04/02 23:07:13 route_main.go:25: sql: no rows in result set
2024/04/02 23:07:15 route_main.go:25: sql: no rows in result set
2024/04/02 23:07:15 route_main.go:25: sql: no rows in result set
2024/04/02 23:07:30 route_main.go:25: sql: no rows in result set
2024/04/02 23:07:30 route_main.go:25: sql: no rows in result set
2024/04/02 23:07:31 route_main.go:25: sql: no rows in result set
2024/04/02 23:07:35 route_main.go:53: sql: no rows in result set
2024/04/02 23:07:35 route_main.go:25: sql: no rows in result set
2024/04/02 23:07:35 route_main.go:25: sql: no rows in result set
2024/04/03 07:54:06 route_main.go:26: sql: no rows in result set
2024/04/03 07:54:07 route_main.go:26: sql: no rows in result set
2024/04/03 07:54:12 route_main.go:26: sql: no rows in result set
2024/04/03 07:54:14 route_main.go:26: sql: no rows in result set
2024/04/03 07:54:15 route_main.go:26: sql: no rows in result set
2024/04/03 07:54:15 route_main.go:26: sql: no rows in result set
2024/04/03 07:54:17 route_main.go:26: sql: no rows in result set
2024/04/03 07:54:27 route_main.go:26: sql: no rows in result set
2024/04/03 07:54:27 route_main.go:26: sql: no rows in result set
2024/04/03 07:54:28 route_main.go:26: sql: no rows in result set
2024/04/03 07:54:29 route_main.go:26: sql: no rows in result set
2024/04/03 07:59:44 route_main.go:26: sql: no rows in result set
2024/04/03 07:59:44 route_main.go:26: sql: no rows in result set
2024/04/03 07:59:46 route_main.go:26: sql: no rows in result set
2024/04/03 07:59:47 route_main.go:26: sql: no rows in result set
2024/04/03 07:59:49 route_main.go:26: sql: no rows in result set
2024/04/03 07:59:54 route_main.go:26: sql: no rows in result set
2024/04/03 08:07:05 route_main.go:26: sql: no rows in result set
2024/04/03 08:07:05 route_main.go:26: sql: no rows in result set
2024/04/03 08:07:07 route_main.go:26: sql: no rows in result set
2024/04/03 08:07:08 route_main.go:26: sql: no rows in result set
2024/04/03 08:13:16 route_main.go:26: sql: no rows in result set
2024/04/03 08:13:59 route_main.go:26: sql: no rows in result set
2024/04/03 08:14:12 route_main.go:26: sql: no rows in result set
2024/04/03 08:14:12 route_main.go:26: sql: no rows in result set
2024/04/03 08:14:13 route_main.go:26: sql: no rows in result set
2024/04/03 08:14:14 route_main.go:26: sql: no rows in result set
2024/04/06 14:19:11 route_main.go:26: sql: no rows in result set
2024/04/06 14:19:11 route_main.go:26: sql: no rows in result set
2024/04/06 14:19:12 route_main.go:26: sql: no rows in result set
2024/04/06 14:19:12 route_main.go:26: sql: no rows in result set
2024/04/06 14:19:14 route_main.go:26: sql: no rows in result set
2024/04/06 14:19:15 route_main.go:26: sql: no rows in result set
2024/04/06 14:19:16 route_main.go:26: sql: no rows in result set
2024/04/06 14:19:17 route_main.go:26: sql: no rows in result set
2024/04/06 14:19:20 route_main.go:26: sql: no rows in result set
2024/04/06 14:19:20 route_main.go:26: sql: no rows in result set
2024/04/06 14:22:34 route_main.go:26: sql: no rows in result set
2024/04/06 14:22:36 route_main.go:54: sql: no rows in result set
2024/04/06 14:22:36 route_main.go:26: sql: no rows in result set
2024/04/06 14:22:36 route_main.go:26: sql: no rows in result set
2024/04/06 14:22:39 route_main.go:26: sql: no rows in result set
2024/04/06 14:22:39 route_main.go:26: sql: no rows in result set
2024/04/06 14:22:41 route_main.go:26: sql: no rows in result set
2024/04/06 14:22:42 route_main.go:26: sql: no rows in result set
2024/04/06 14:30:26 route_main.go:26: sql: no rows in result set
2024/04/06 14:30:26 route_main.go:26: sql: no rows in result set
2024/04/06 14:30:27 route_main.go:26: sql: no rows in result set
2024/04/06 14:30:31 route_main.go:26: sql: no rows in result set
2024/04/06 14:30:40 route_main.go:26: sql: no rows in result set
2024/04/06 14:36:28 route_main.go:26: sql: no rows in result set
2024/04/06 14:36:38 route_main.go:26: sql: no rows in result set
2024/04/06 14:36:39 route_main.go:26: sql: no rows in result set
2024/04/06 14:36:40 route_main.go:26: sql: no rows in result set
2024/04/06 14:36:42 route_main.go:26: sql: no rows in result set
2024/04/06 14:36:44 route_main.go:26: sql: no rows in result set
2024/04/06 14:36:44 route_main.go:26: sql: no rows in result set
2024/04/06 14:37:50 route_main.go:26: sql: no rows in result set
2024/04/06 14:37:51 route_main.go:26: sql: no rows in result set
2024/04/06 14:37:53 route_main.go:26: sql: no rows in result set
2024/04/06 14:37:54 route_main.go:26: sql: no rows in result set
2024/04/06 14:37:55 route_main.go:26: sql: no rows in result set
2024/04/06 14:37:56 route_main.go:26: sql: no rows in result set
2024/04/06 14:37:58 route_main.go:26: sql: no rows in result set
2024/04/06 14:37:59 route_main.go:26: sql: no rows in result set
2024/04/06 14:39:31 route_main.go:26: sql: no rows in result set
2024/04/06 14:46:23 route_main.go:27: sql: no rows in result set
2024/04/06 14:46:23 route_main.go:27: sql: no rows in result set
2024/04/06 14:46:23 route_main.go:27: sql: no rows in result set
2024/04/06 14:46:25 route_main.go:27: sql: no rows in result set
2024/04/06 14:46:26 route_main.go:27: sql: no rows in result set
2024/04/06 14:47:18 route_main.go:27: sql: no rows in result set
2024/04/06 14:47:18 route_main.go:27: sql: no rows in result set
2024/04/06 14:47:19 route_main.go:27: sql: no rows in result set
2024/04/06 14:47:21 route_main.go:27: sql: no rows in result set
2024/04/06 14:47:25 route_main.go:27: sql: no rows in result set
2024/04/06 14:47:29 route_main.go:27: sql: no rows in result set
2024/04/06 14:47:30 route_main.go:27: sql: no rows in result set
2024/04/06 14:47:30 route_main.go:27: sql: no rows in result set
2024/04/06 14:47:31 route_main.go:27: sql: no rows in result set
2024/04/06 14:47:32 route_main.go:27: sql: no rows in result set
2024/04/06 14:55:51 route_main.go:27: sql: no rows in result set
2024/04/06 14:55:51 route_main.go:27: sql: no rows in result set
2024/04/06 14:55:53 route_main.go:27: sql: no rows in result set
2024/04/06 14:55:57 route_main.go:55: sql: no rows in result set
2024/04/06 14:55:57 route_main.go:27: sql: no rows in result set
2024/04/06 14:55:57 route_main.go:27: sql: no rows in result set
2024/04/06 14:56:00 route_main.go:27: sql: no rows in result set
2024/04/06 14:56:02 route_main.go:27: sql: no rows in result set
2024/04/06 14:56:04 route_main.go:27: sql: no rows in result set
2024/04/06 14:56:04 route_main.go:27: sql: no rows in result set
2024/04/06 14:56:08 route_main.go:27: sql: no rows in result set
2024/04/06 14:56:09 route_main.go:27: sql: no rows in result set
2024/04/06 14:56:10 route_main.go:27: sql: no rows in result set
2024/04/06 14:56:11 route_main.go:27: sql: no rows in result set
2024/04/06 14:56:12 route_main.go:27: sql: no rows in result set
2024/04/06 14:56:12 route_main.go:27: sql: no rows in result set
2024/04/06 14:56:22 route_main.go:27: sql: no rows in result set
2024/04/06 15:30:16 route_main.go:27: sql: no rows in result set
2024/04/06 15:30:18 route_main.go:27: sql: no rows in result set
2024/04/06 15:30:18 route_main.go:27: sql: no rows in result set
2024/04/06 15:30:18 route_main.go:27: sql: no rows in result set
2024/04/06 15:30:20 route_main.go:27: sql: no rows in result set
2024/04/06 15:30:21 route_main.go:27: sql: no rows in result set
2024/04/06 15:32:10 route_main.go:27: sql: no rows in result set
2024/04/06 15:32:10 route_main.go:27: sql: no rows in result set
2024/04/06 15:32:12 route_main.go:27: sql: no rows in result set
2024/04/06 15:32:12 route_main.go:27: sql: no rows in result set
2024/04/06 15:35:55 route_main.go:27: sql: no rows in result set
2024/04/06 15:35:55 route_main.go:27: sql: no rows in result set
2024/04/06 15:35:58 route_main.go:27: sql: no rows in result set
2024/04/06 15:36:03 route_main.go:27: sql: no rows in result set
2024/04/06 15:36:04 route_main.go:27: sql: no rows in result set
2024/04/06 15:36:05 route_main.go:27: sql: no rows in result set
2024/04/06 15:36:06 route_main.go:27: sql: no rows in result set
2024/04/06 15:36:07 route_main.go:27: sql: no rows in result set
2024/04/06 15:36:08 route_main.go:27: sql: no rows in result set
2024/04/06 15:36:09 route_main.go:27: sql: no rows in result set
2024/04/06 15:36:10 route_main.go:27: sql: no rows in result set
2024/04/06 15:36:11 route_main.go:27: sql: no rows in result set
2024/04/06 15:47:38 route_main.go:27: sql: no rows in result set
2024/04/06 15:47:38 route_main.go:27: sql: no rows in result set
2024/04/06 15:48:53 route_main.go:27: sql: no rows in result set
2024/04/06 15:48:54 route_main.go:27: sql: no rows in result set
2024/04/06 15:48:55 route_main.go:27: sql: no rows in result set
2024/04/06 15:49:02 route_main.go:55: sql: no rows in result set
2024/04/06 15:49:02 route_main.go:27: sql: no rows in result set
2024/04/06 15:49:02 route_main.go:27: sql: no rows in result set
